  classes.cpp
  draw.cpp
  hook.cpp
  Source.cpp
C:\Users\noahr\Desktop\AcFinal\AcFinal\Source.cpp(72,14): warning C4244: 'initializing': conversion from 'float' to 'int', possible loss of data
C:\Users\noahr\Desktop\AcFinal\AcFinal\Source.cpp(88,40): warning C4244: '*=': conversion from 'float' to 'int', possible loss of data
C:\Users\noahr\Desktop\AcFinal\AcFinal\Source.cpp(108,30): warning C4244: '=': conversion from 'int' to 'float', possible loss of data
C:\Users\noahr\Desktop\AcFinal\AcFinal\Source.cpp(109,12): warning C4244: '=': conversion from 'int' to 'float', possible loss of data
C:\Users\noahr\Desktop\AcFinal\AcFinal\Source.cpp(111,30): warning C4244: '=': conversion from 'int' to 'float', possible loss of data
C:\Users\noahr\Desktop\AcFinal\AcFinal\Source.cpp(112,12): warning C4244: '=': conversion from 'int' to 'float', possible loss of data
C:\Users\noahr\Desktop\AcFinal\AcFinal\Source.cpp(118,64): warning C4244: 'argument': conversion from 'unsigned int' to 'float', possible loss of data
C:\Users\noahr\Desktop\AcFinal\AcFinal\Source.cpp(128,26): warning C4244: '=': conversion from 'int' to 'float', possible loss of data
C:\Users\noahr\Desktop\AcFinal\AcFinal\Source.cpp(129,27): warning C4244: '=': conversion from 'int' to 'float', possible loss of data
C:\Users\noahr\Desktop\AcFinal\AcFinal\Source.cpp(131,26): warning C4244: '=': conversion from 'int' to 'float', possible loss of data
C:\Users\noahr\Desktop\AcFinal\AcFinal\Source.cpp(132,27): warning C4244: '=': conversion from 'int' to 'float', possible loss of data
C:\Users\noahr\Desktop\AcFinal\AcFinal\Source.cpp(134,26): warning C4244: '=': conversion from 'int' to 'float', possible loss of data
C:\Users\noahr\Desktop\AcFinal\AcFinal\Source.cpp(135,27): warning C4244: '=': conversion from 'int' to 'float', possible loss of data
C:\Users\noahr\Desktop\AcFinal\AcFinal\Source.cpp(137,26): warning C4244: '=': conversion from 'int' to 'float', possible loss of data
C:\Users\noahr\Desktop\AcFinal\AcFinal\Source.cpp(138,27): warning C4244: '=': conversion from 'int' to 'float', possible loss of data
C:\Users\noahr\Desktop\AcFinal\AcFinal\Source.cpp(140,26): warning C4244: '=': conversion from 'int' to 'float', possible loss of data
C:\Users\noahr\Desktop\AcFinal\AcFinal\Source.cpp(141,27): warning C4244: '=': conversion from 'int' to 'float', possible loss of data
C:\Users\noahr\Desktop\AcFinal\AcFinal\Source.cpp(143,26): warning C4244: '=': conversion from 'int' to 'float', possible loss of data
C:\Users\noahr\Desktop\AcFinal\AcFinal\Source.cpp(144,27): warning C4244: '=': conversion from 'int' to 'float', possible loss of data
C:\Users\noahr\Desktop\AcFinal\AcFinal\Source.cpp(146,26): warning C4244: '=': conversion from 'int' to 'float', possible loss of data
C:\Users\noahr\Desktop\AcFinal\AcFinal\Source.cpp(147,27): warning C4244: '=': conversion from 'int' to 'float', possible loss of data
C:\Users\noahr\Desktop\AcFinal\AcFinal\Source.cpp(149,26): warning C4244: '=': conversion from 'int' to 'float', possible loss of data
C:\Users\noahr\Desktop\AcFinal\AcFinal\Source.cpp(150,27): warning C4244: '=': conversion from 'int' to 'float', possible loss of data
  vector.cpp
  Generating Code...
C:\Users\noahr\Desktop\AcFinal\AcFinal\hook.cpp(19): warning C4715: 'Hook': not all control paths return a value
  AcFinal.vcxproj -> C:\Users\noahr\Desktop\AcFinal\Debug\AcFinal.dll
